This is e-upTeX, Version 3.14159265-p3.5-u1.11-130605-2.6 (utf8.uptex) (TeX Live 2014) (preloaded format=uplatex 2015.4.3)  28 OCT 2015 14:14
entering extended mode
 restricted \write18 enabled.
 %&-line parsing enabled.
**chap4
(./chap4.tex
pLaTeX2e <2011/05/07u00>+0 (based on LaTeX2e <2014/05/01> patch level 0)
Babel <3.9k> and hyphenation patterns for 78 languages loaded.

! LaTeX Error: Missing \begin{document}.

See the LaTeX manual or LaTeX Companion for explanation.
Type  H <return>  for immediate help.
 ...                                              
                                                  
l.1 コ
       ードの設計、開発環境のセットアップ、スクショ、...

? 
! Emergency stop.
 ...                                              
                                                  
l.1 コ
       ードの設計、開発環境のセットアップ、スクショ、...

You're in trouble here.  Try typing  <return>  to proceed.
If that doesn't work, type  X <return>  to quit.

 
Here is how much of TeX's memory you used:
 5 strings out of 493800
 167 string characters out of 6151921
 53977 words of memory out of 5000000
 3575 multiletter control sequences out of 15000+600000
 5975 words of font info for 31 fonts, out of 8000000 for 9000
 929 hyphenation exceptions out of 8191
 5i,0n,4p,101b,14s stack positions out of 5000i,500n,10000p,200000b,80000s
No pages of output.
