This is e-pTeX, Version 3.14159265-p3.5-130605-2.6 (utf8.euc) (TeX Live 2014) (preloaded format=platex 2015.4.3)  7 FEB 2016 22:17
entering extended mode
 restricted \write18 enabled.
 %&-line parsing enabled.
**tokuron
(./tokuron.tex
pLaTeX2e <2006/11/10> (based on LaTeX2e <2014/05/01> patch level 0)
Babel <3.9k> and hyphenation patterns for 78 languages loaded.
(./sotsuron.cls
Document Class: sotsuron 2008/01/17
(/usr/local/texlive/2014/texmf-dist/tex/platex/base/jarticle.cls
Document Class: jarticle 2006/06/27 v1.6 Standard pLaTeX class
\c@@paper=\count81
(/usr/local/texlive/2014/texmf-dist/tex/platex/base/jsize12.clo
File: jsize12.clo 2006/06/27 v1.6 Standard pLaTeX file (size option)
)
\c@part=\count82
\c@section=\count83
\c@subsection=\count84
\c@subsubsection=\count85
\c@paragraph=\count86
\c@subparagraph=\count87
\c@figure=\count88
\c@table=\count89
\abovecaptionskip=\skip41
\belowcaptionskip=\skip42
\symmincho=\mathgroup4
LaTeX Font Info:    Overwriting symbol font `mincho' in version `bold'
(Font)                  JY1/mc/m/n --> JY1/gt/m/n on input line 601.
\toclineskip=\dimen118
\@lnumwidth=\dimen119
\bibindent=\dimen120
\heisei=\count90
)
(./uline--.sty
Package: uline-- 2007/07/09 v.2.3.4 ``simple'' underlines
\@uline@pattern@i=\box41
\@uline@pattern@ii=\box42
\@uline@pattern@iii=\box43
\@uline@pattern@iv=\box44
\@uline@pattern@v=\box45
\@uline@pattern@id=\count91
\@uline@tempskip=\skip43
\@uline@lastpenalty=\count92
\@uline@g@tempbox=\box46
\@uline@charcode=\count93
\@uline@common@command@argcnt=\count94
))
(/usr/local/texlive/2014/texmf-dist/tex/latex/graphics/graphicx.sty
Package: graphicx 2014/04/25 v1.0g Enhanced LaTeX Graphics (DPC,SPQR)

(/usr/local/texlive/2014/texmf-dist/tex/latex/graphics/keyval.sty
Package: keyval 2014/05/08 v1.15 key=value parser (DPC)
\KV@toks@=\toks15
)
(/usr/local/texlive/2014/texmf-dist/tex/latex/graphics/graphics.sty
Package: graphics 2009/02/05 v1.0o Standard LaTeX Graphics (DPC,SPQR)

(/usr/local/texlive/2014/texmf-dist/tex/latex/graphics/trig.sty
Package: trig 1999/03/16 v1.09 sin cos tan (DPC)
)
(/usr/local/texlive/2014/texmf-dist/tex/latex/latexconfig/graphics.cfg
File: graphics.cfg 2010/04/23 v1.9 graphics configuration of TeX Live
)
Package graphics Info: Driver file: dvips.def on input line 91.

(/usr/local/texlive/2014/texmf-dist/tex/latex/graphics/dvips.def
File: dvips.def 2014/04/23 v3.0j Driver-dependant file (DPC,SPQR)
))
\Gin@req@height=\dimen121
\Gin@req@width=\dimen122
)
(/usr/local/texlive/2014/texmf-dist/tex/latex/wrapfig/wrapfig.sty
\wrapoverhang=\dimen123
\WF@size=\dimen124
\c@WF@wrappedlines=\count95
\WF@box=\box47
\WF@everypar=\toks16
Package: wrapfig 2003/01/31  v 3.6
)
(./tokuron.aux)
\openout1 = `tokuron.aux'.

LaTeX Font Info:    Checking defaults for OML/cmm/m/it on input line 13.
LaTeX Font Info:    ... okay on input line 13.
LaTeX Font Info:    Checking defaults for T1/cmr/m/n on input line 13.
LaTeX Font Info:    ... okay on input line 13.
LaTeX Font Info:    Checking defaults for OT1/cmr/m/n on input line 13.
LaTeX Font Info:    ... okay on input line 13.
LaTeX Font Info:    Checking defaults for OMS/cmsy/m/n on input line 13.
LaTeX Font Info:    ... okay on input line 13.
LaTeX Font Info:    Checking defaults for OMX/cmex/m/n on input line 13.
LaTeX Font Info:    ... okay on input line 13.
LaTeX Font Info:    Checking defaults for U/cmr/m/n on input line 13.
LaTeX Font Info:    ... okay on input line 13.
LaTeX Font Info:    Checking defaults for JY1/mc/m/n on input line 13.
LaTeX Font Info:    ... okay on input line 13.
LaTeX Font Info:    Checking defaults for JT1/mc/m/n on input line 13.
LaTeX Font Info:    ... okay on input line 13.
LaTeX Font Info:    External font `cmex10' loaded for size
(Font)              <20.74> on input line 14.
LaTeX Font Info:    External font `cmex10' loaded for size
(Font)              <14.4> on input line 14.
LaTeX Font Info:    External font `cmex10' loaded for size
(Font)              <12> on input line 14.
 [1

]
LaTeX Font Info:    Font shape `JT1/mc/bx/n' in size <17.28> not available
(Font)              Font shape `JT1/gt/m/n' tried instead on input line 16.
LaTeX Font Info:    Font shape `JY1/mc/bx/n' in size <17.28> not available
(Font)              Font shape `JY1/gt/m/n' tried instead on input line 16.
 (./abst.tex) [1] (./tokuron.toc
LaTeX Font Info:    Font shape `JT1/mc/bx/n' in size <12> not available
(Font)              Font shape `JT1/gt/m/n' tried instead on input line 1.
LaTeX Font Info:    Font shape `JY1/mc/bx/n' in size <12> not available
(Font)              Font shape `JY1/gt/m/n' tried instead on input line 1.
LaTeX Font Info:    External font `cmex10' loaded for size
(Font)              <8> on input line 2.
LaTeX Font Info:    External font `cmex10' loaded for size
(Font)              <6> on input line 2.
)
\tf@toc=\write3
\openout3 = `tokuron.toc'.

 [1

] (./chap1.tex
LaTeX Font Info:    Font shape `JT1/mc/bx/n' in size <14.4> not available
(Font)              Font shape `JT1/gt/m/n' tried instead on input line 1.
LaTeX Font Info:    Font shape `JY1/mc/bx/n' in size <14.4> not available
(Font)              Font shape `JY1/gt/m/n' tried instead on input line 1.
) [1

]
(./chap2.tex
File: ./gazou/ss-mix_sample.png Graphic file (type eps)
 <./gazou/ss-mix_sample.png>
Overfull \hbox (59.18173pt too wide) in paragraph at lines 21--22
 [] 
 []

File: ./gazou/ss-mix_sampledata.png Graphic file (type eps)
<./gazou/ss-mix_sampledata.png>
File: ./gazou/excel-data.png Graphic file (type eps)
 <./gazou/excel-data.png>
File: ./gazou/excel-data-medicine.png Graphic file (type eps)

<./gazou/excel-data-medicine.png> [2

] [3] [4] [5]) [6] (./design.tex
File: ./gazou/system_construct2.png Graphic file (type eps)

<./gazou/system_construct2.png>
File: ./gazou/class.png Graphic file (type eps)
 <./gazou/class.png> [7

]) [8] (./chap3.tex
[9

]
File: ./gazou/DjangoFileio4.png Graphic file (type eps)
 <./gazou/DjangoFileio4.png>
File: ./gazou/DjangoTable2.png Graphic file (type eps)
 <./gazou/DjangoTable2.png>
File: ./gazou/DjangoGantt2.png Graphic file (type eps)

<./gazou/DjangoGantt2.png> [10] [11]) [12] (./chap4.tex
File: ./gazou/json-for-doc2.png Graphic file (type eps)

<./gazou/json-for-doc2.png>
File: ./gazou/getdb2.png Graphic file (type eps)
 <./gazou/getdb2.png> [13

] [14]
File: ./gazou/relation2.png Graphic file (type eps)

<./gazou/relation2.png>
File: ./gazou/relationApp4.png Graphic file (type eps)
 <./gazou/relationApp4.png>
File: ./gazou/fileiopage.png Graphic file (type eps)
 <./gazou/fileiopage.png>
File: ./gazou/csv-data-trans2.png Graphic file (type eps)

<./gazou/csv-data-trans2.png>
File: ./gazou/kensa-data.png Graphic file (type eps)
 <./gazou/kensa-data.png>
File: ./gazou/touyaku-data2.png Graphic file (type eps)

<./gazou/touyaku-data2.png>
File: ./gazou/blood-data.png Graphic file (type eps)
 <./gazou/blood-data.png>
File: ./gazou/blood-data-couch.png Graphic file (type eps)

<./gazou/blood-data-couch.png> [15] [16] [17] [18] [19]
File: ./gazou/hl7-data-trans2.png Graphic file (type eps)

<./gazou/hl7-data-trans2.png>
File: ./gazou/hl7-data.png Graphic file (type eps)
 <./gazou/hl7-data.png>
LaTeX Font Info:    Try loading font information for OMS+cmr on input line 212.


(/usr/local/texlive/2014/texmf-dist/tex/latex/base/omscmr.fd
File: omscmr.fd 1999/05/25 v2.5h Standard LaTeX font definitions
)
LaTeX Font Info:    Font shape `OMS/cmr/m/n' in size <12> not available
(Font)              Font shape `OMS/cmsy/m/n' tried instead on input line 212.
) [20] [21]
[22] (./chap5.tex [23

]) [24]
Overfull \hbox (48.28108pt too wide) in paragraph at lines 99--100
[]\JY1/mc/m/n/12 第 \OT1/cmr/m/n/12 13 \JY1/mc/m/n/12 回 \OT1/cmr/m/n/12 HL7 \J
Y1/mc/m/n/12 セミナ ー \OT1/cmr/m/n/12 HL7 \JY1/mc/m/n/12 入門\OT1/cmr/m/n/12 ,
http://www.hl7.jp/docs/seminar/SeminarNo13Kawamata.pdf 
 []

[25

]
Underfull \hbox (badness 10000) in paragraph at lines 115--116
[]\OT1/cmr/m/n/12 [\JY1/mc/m/n/12 レポ ート\OT1/cmr/m/n/12 ]NoSQL \JY1/mc/m/n/1
2 の必要性と主要プロダクト比較\OT1/cmr/m/n/12 ,
 []

[26] (./tokuron.lof)
\tf@lof=\write4
\openout4 = `tokuron.lof'.

 [27

] (./tokuron.lot)
\tf@lot=\write5
\openout5 = `tokuron.lot'.

 [28

] (./tokuron.aux) ) 
Here is how much of TeX's memory you used:
 2433 strings out of 493807
 36954 string characters out of 6151952
 96533 words of memory out of 5000000
 5886 multiletter control sequences out of 15000+600000
 16278 words of font info for 63 fonts, out of 8000000 for 9000
 929 hyphenation exceptions out of 8191
 28i,11n,23p,238b,735s stack positions out of 5000i,500n,10000p,200000b,80000s

Output written on tokuron.dvi (31 pages, 60844 bytes).
